2022/12/14 08:22:31 [notice] 1#1: using the "epoll" event method
2022/12/14 08:22:31 [notice] 1#1: nginx/1.23.3
2022/12/14 08:22:31 [notice] 1#1: built by gcc 10.2.1 20210110 (Debian 10.2.1-6) 
2022/12/14 08:22:31 [notice] 1#1: OS: Linux 5.10.104-linuxkit
2022/12/14 08:22:31 [notice] 1#1: getrlimit(RLIMIT_NOFILE): 1048576:1048576
2022/12/14 08:22:31 [notice] 1#1: start worker processes
2022/12/14 08:22:31 [notice] 1#1: start worker process 28
2022/12/14 08:22:31 [notice] 1#1: start worker process 29
2022/12/14 08:22:31 [notice] 1#1: start worker process 30
2022/12/14 08:22:31 [notice] 1#1: start worker process 31
2022/12/14 08:22:31 [notice] 1#1: start worker process 32
2022/12/14 08:22:55 [notice] 1#1: using the "epoll" event method
2022/12/14 08:22:55 [notice] 1#1: nginx/1.23.3
2022/12/14 08:22:55 [notice] 1#1: built by gcc 10.2.1 20210110 (Debian 10.2.1-6) 
2022/12/14 08:22:55 [notice] 1#1: OS: Linux 5.10.104-linuxkit
2022/12/14 08:22:55 [notice] 1#1: getrlimit(RLIMIT_NOFILE): 1048576:1048576
2022/12/14 08:22:55 [notice] 1#1: start worker processes
2022/12/14 08:22:55 [notice] 1#1: start worker process 28
2022/12/14 08:22:55 [notice] 1#1: start worker process 29
2022/12/14 08:22:55 [notice] 1#1: start worker process 30
2022/12/14 08:22:55 [notice] 1#1: start worker process 31
2022/12/14 08:22:55 [notice] 1#1: start worker process 32
2022/12/14 08:26:09 [notice] 1#1: signal 3 (SIGQUIT) received, shutting down
2022/12/14 08:26:09 [notice] 28#28: gracefully shutting down
2022/12/14 08:26:09 [notice] 29#29: gracefully shutting down
2022/12/14 08:26:09 [notice] 29#29: exiting
2022/12/14 08:26:09 [notice] 30#30: gracefully shutting down
2022/12/14 08:26:09 [notice] 31#31: gracefully shutting down
2022/12/14 08:26:09 [notice] 32#32: gracefully shutting down
2022/12/14 08:26:09 [notice] 28#28: exiting
2022/12/14 08:26:09 [notice] 29#29: exit
2022/12/14 08:26:09 [notice] 30#30: exiting
2022/12/14 08:26:09 [notice] 30#30: exit
2022/12/14 08:26:09 [notice] 31#31: exiting
2022/12/14 08:26:09 [notice] 31#31: exit
2022/12/14 08:26:09 [notice] 32#32: exiting
2022/12/14 08:26:09 [notice] 28#28: exit
2022/12/14 08:26:09 [notice] 32#32: exit
2022/12/14 08:26:09 [notice] 1#1: signal 17 (SIGCHLD) received from 30
2022/12/14 08:26:09 [notice] 1#1: worker process 30 exited with code 0
2022/12/14 08:26:09 [notice] 1#1: signal 29 (SIGIO) received
2022/12/14 08:26:09 [notice] 1#1: signal 17 (SIGCHLD) received from 29
2022/12/14 08:26:09 [notice] 1#1: worker process 29 exited with code 0
2022/12/14 08:26:09 [notice] 1#1: signal 29 (SIGIO) received
2022/12/14 08:26:09 [notice] 1#1: signal 17 (SIGCHLD) received from 31
2022/12/14 08:26:09 [notice] 1#1: worker process 31 exited with code 0
2022/12/14 08:26:09 [notice] 1#1: signal 29 (SIGIO) received
2022/12/14 08:26:09 [notice] 1#1: signal 17 (SIGCHLD) received from 28
2022/12/14 08:26:09 [notice] 1#1: worker process 28 exited with code 0
2022/12/14 08:26:09 [notice] 1#1: worker process 32 exited with code 0
2022/12/14 08:26:09 [notice] 1#1: signal 17 (SIGCHLD) received from 32
2022/12/14 08:26:09 [notice] 1#1: exit
2022/12/14 08:26:12 [notice] 1#1: using the "epoll" event method
2022/12/14 08:26:12 [notice] 1#1: nginx/1.23.3
2022/12/14 08:26:12 [notice] 1#1: built by gcc 10.2.1 20210110 (Debian 10.2.1-6) 
2022/12/14 08:26:12 [notice] 1#1: OS: Linux 5.10.104-linuxkit
2022/12/14 08:26:12 [notice] 1#1: getrlimit(RLIMIT_NOFILE): 1048576:1048576
2022/12/14 08:26:12 [notice] 1#1: start worker processes
2022/12/14 08:26:12 [notice] 1#1: start worker process 28
2022/12/14 08:26:12 [notice] 1#1: start worker process 29
2022/12/14 08:26:12 [notice] 1#1: start worker process 30
2022/12/14 08:26:12 [notice] 1#1: start worker process 31
2022/12/14 08:26:12 [notice] 1#1: start worker process 32
2022/12/14 08:27:44 [notice] 1#1: signal 3 (SIGQUIT) received, shutting down
2022/12/14 08:27:44 [notice] 28#28: gracefully shutting down
2022/12/14 08:27:44 [notice] 32#32: gracefully shutting down
2022/12/14 08:27:44 [notice] 32#32: exiting
2022/12/14 08:27:44 [notice] 29#29: gracefully shutting down
2022/12/14 08:27:44 [notice] 31#31: gracefully shutting down
2022/12/14 08:27:44 [notice] 30#30: gracefully shutting down
2022/12/14 08:27:44 [notice] 28#28: exiting
2022/12/14 08:27:44 [notice] 32#32: exit
2022/12/14 08:27:44 [notice] 29#29: exiting
2022/12/14 08:27:44 [notice] 29#29: exit
2022/12/14 08:27:44 [notice] 31#31: exiting
2022/12/14 08:27:44 [notice] 30#30: exiting
2022/12/14 08:27:44 [notice] 28#28: exit
2022/12/14 08:27:44 [notice] 31#31: exit
2022/12/14 08:27:44 [notice] 30#30: exit
2022/12/14 08:27:44 [notice] 1#1: signal 17 (SIGCHLD) received from 29
2022/12/14 08:27:44 [notice] 1#1: worker process 29 exited with code 0
2022/12/14 08:27:44 [notice] 1#1: signal 29 (SIGIO) received
2022/12/14 08:27:44 [notice] 1#1: signal 17 (SIGCHLD) received from 32
2022/12/14 08:27:44 [notice] 1#1: worker process 32 exited with code 0
2022/12/14 08:27:44 [notice] 1#1: signal 29 (SIGIO) received
2022/12/14 08:27:44 [notice] 1#1: signal 17 (SIGCHLD) received from 28
2022/12/14 08:27:44 [notice] 1#1: worker process 28 exited with code 0
2022/12/14 08:27:44 [notice] 1#1: worker process 31 exited with code 0
2022/12/14 08:27:44 [notice] 1#1: signal 29 (SIGIO) received
2022/12/14 08:27:44 [notice] 1#1: signal 17 (SIGCHLD) received from 30
2022/12/14 08:27:44 [notice] 1#1: worker process 30 exited with code 0
2022/12/14 08:27:44 [notice] 1#1: exit
2022/12/14 08:27:47 [notice] 1#1: using the "epoll" event method
2022/12/14 08:27:47 [notice] 1#1: nginx/1.23.3
2022/12/14 08:27:47 [notice] 1#1: built by gcc 10.2.1 20210110 (Debian 10.2.1-6) 
2022/12/14 08:27:47 [notice] 1#1: OS: Linux 5.10.104-linuxkit
2022/12/14 08:27:47 [notice] 1#1: getrlimit(RLIMIT_NOFILE): 1048576:1048576
2022/12/14 08:27:47 [notice] 1#1: start worker processes
2022/12/14 08:27:47 [notice] 1#1: start worker process 28
2022/12/14 08:27:47 [notice] 1#1: start worker process 29
2022/12/14 08:27:47 [notice] 1#1: start worker process 30
2022/12/14 08:27:47 [notice] 1#1: start worker process 31
2022/12/14 08:27:47 [notice] 1#1: start worker process 32
2022/12/14 08:32:22 [notice] 1#1: signal 3 (SIGQUIT) received, shutting down
2022/12/14 08:32:22 [notice] 28#28: gracefully shutting down
2022/12/14 08:32:22 [notice] 28#28: exiting
2022/12/14 08:32:22 [notice] 30#30: gracefully shutting down
2022/12/14 08:32:22 [notice] 30#30: exiting
2022/12/14 08:32:22 [notice] 32#32: gracefully shutting down
2022/12/14 08:32:22 [notice] 29#29: gracefully shutting down
2022/12/14 08:32:22 [notice] 31#31: gracefully shutting down
2022/12/14 08:32:22 [notice] 28#28: exit
2022/12/14 08:32:22 [notice] 30#30: exit
2022/12/14 08:32:22 [notice] 29#29: exiting
2022/12/14 08:32:22 [notice] 31#31: exiting
2022/12/14 08:32:22 [notice] 31#31: exit
2022/12/14 08:32:22 [notice] 29#29: exit
2022/12/14 08:32:22 [notice] 1#1: signal 17 (SIGCHLD) received from 30
2022/12/14 08:32:22 [notice] 1#1: worker process 28 exited with code 0
2022/12/14 08:32:22 [notice] 1#1: worker process 30 exited with code 0
2022/12/14 08:32:22 [notice] 1#1: worker process 31 exited with code 0
2022/12/14 08:32:22 [notice] 1#1: signal 29 (SIGIO) received
2022/12/14 08:32:22 [notice] 1#1: signal 17 (SIGCHLD) received from 31
2022/12/14 08:32:22 [notice] 1#1: signal 17 (SIGCHLD) received from 29
2022/12/14 08:32:22 [notice] 1#1: worker process 29 exited with code 0
2022/12/14 08:32:22 [notice] 1#1: signal 29 (SIGIO) received
2022/12/14 08:32:44 [notice] 1#1: using the "epoll" event method
2022/12/14 08:32:44 [notice] 1#1: nginx/1.23.3
2022/12/14 08:32:44 [notice] 1#1: built by gcc 10.2.1 20210110 (Debian 10.2.1-6) 
2022/12/14 08:32:44 [notice] 1#1: OS: Linux 5.10.104-linuxkit
2022/12/14 08:32:44 [notice] 1#1: getrlimit(RLIMIT_NOFILE): 1048576:1048576
2022/12/14 08:32:44 [notice] 1#1: start worker processes
2022/12/14 08:32:44 [notice] 1#1: start worker process 28
2022/12/14 08:32:44 [notice] 1#1: start worker process 29
2022/12/14 08:32:44 [notice] 1#1: start worker process 30
2022/12/14 08:32:44 [notice] 1#1: start worker process 31
2022/12/14 08:32:44 [notice] 1#1: start worker process 32
2022/12/14 08:33:19 [notice] 1#1: signal 3 (SIGQUIT) received, shutting down
2022/12/14 08:33:19 [notice] 28#28: gracefully shutting down
2022/12/14 08:33:19 [notice] 29#29: gracefully shutting down
2022/12/14 08:33:19 [notice] 32#32: gracefully shutting down
2022/12/14 08:33:19 [notice] 32#32: exiting
2022/12/14 08:33:19 [notice] 31#31: gracefully shutting down
2022/12/14 08:33:19 [notice] 30#30: gracefully shutting down
2022/12/14 08:33:19 [notice] 30#30: exiting
2022/12/14 08:33:19 [notice] 28#28: exiting
2022/12/14 08:33:19 [notice] 32#32: exit
2022/12/14 08:33:19 [notice] 31#31: exiting
2022/12/14 08:33:19 [notice] 31#31: exit
2022/12/14 08:33:19 [notice] 30#30: exit
2022/12/14 08:33:19 [notice] 28#28: exit
2022/12/14 08:33:19 [notice] 1#1: signal 17 (SIGCHLD) received from 32
2022/12/14 08:33:19 [notice] 1#1: worker process 32 exited with code 0
2022/12/14 08:33:19 [notice] 1#1: signal 29 (SIGIO) received
2022/12/14 08:33:19 [notice] 1#1: signal 17 (SIGCHLD) received from 31
2022/12/14 08:33:19 [notice] 1#1: worker process 31 exited with code 0
2022/12/14 08:33:19 [notice] 1#1: signal 29 (SIGIO) received
2022/12/14 08:33:19 [notice] 1#1: signal 17 (SIGCHLD) received from 28
2022/12/14 08:33:19 [notice] 1#1: worker process 28 exited with code 0
2022/12/14 08:33:19 [notice] 1#1: worker process 30 exited with code 0
2022/12/14 08:33:19 [notice] 1#1: signal 29 (SIGIO) received
2022/12/14 08:33:32 [notice] 1#1: using the "epoll" event method
2022/12/14 08:33:32 [notice] 1#1: nginx/1.23.3
2022/12/14 08:33:32 [notice] 1#1: built by gcc 10.2.1 20210110 (Debian 10.2.1-6) 
2022/12/14 08:33:32 [notice] 1#1: OS: Linux 5.10.104-linuxkit
2022/12/14 08:33:32 [notice] 1#1: getrlimit(RLIMIT_NOFILE): 1048576:1048576
2022/12/14 08:33:32 [notice] 1#1: start worker processes
2022/12/14 08:33:32 [notice] 1#1: start worker process 27
2022/12/14 08:33:32 [notice] 1#1: start worker process 28
2022/12/14 08:33:32 [notice] 1#1: start worker process 29
2022/12/14 08:33:32 [notice] 1#1: start worker process 30
2022/12/14 08:33:32 [notice] 1#1: start worker process 31
2022/12/14 08:40:48 [notice] 1#1: using the "epoll" event method
2022/12/14 08:40:48 [notice] 1#1: nginx/1.23.3
2022/12/14 08:40:48 [notice] 1#1: built by gcc 10.2.1 20210110 (Debian 10.2.1-6) 
2022/12/14 08:40:48 [notice] 1#1: OS: Linux 5.10.104-linuxkit
2022/12/14 08:40:48 [notice] 1#1: getrlimit(RLIMIT_NOFILE): 1048576:1048576
2022/12/14 08:40:48 [notice] 1#1: start worker processes
2022/12/14 08:40:48 [notice] 1#1: start worker process 28
2022/12/14 08:40:48 [notice] 1#1: start worker process 29
2022/12/14 08:40:48 [notice] 1#1: start worker process 30
2022/12/14 08:40:48 [notice] 1#1: start worker process 31
2022/12/14 08:40:48 [notice] 1#1: start worker process 32
2022/12/14 08:42:45 [notice] 1#1: signal 3 (SIGQUIT) received, shutting down
2022/12/14 08:42:45 [notice] 30#30: gracefully shutting down
2022/12/14 08:42:45 [notice] 29#29: gracefully shutting down
2022/12/14 08:42:45 [notice] 29#29: exiting
2022/12/14 08:42:45 [notice] 28#28: gracefully shutting down
2022/12/14 08:42:45 [notice] 31#31: gracefully shutting down
2022/12/14 08:42:45 [notice] 32#32: gracefully shutting down
2022/12/14 08:42:45 [notice] 29#29: exit
2022/12/14 08:42:45 [notice] 28#28: exiting
2022/12/14 08:42:45 [notice] 31#31: exiting
2022/12/14 08:42:45 [notice] 32#32: exiting
2022/12/14 08:42:45 [notice] 32#32: exit
2022/12/14 08:42:45 [notice] 28#28: exit
2022/12/14 08:42:45 [notice] 31#31: exit
2022/12/14 08:42:45 [notice] 1#1: signal 17 (SIGCHLD) received from 32
2022/12/14 08:42:45 [notice] 1#1: worker process 32 exited with code 0
2022/12/14 08:42:45 [notice] 1#1: signal 29 (SIGIO) received
2022/12/14 08:42:45 [notice] 1#1: signal 17 (SIGCHLD) received from 29
2022/12/14 08:42:45 [notice] 1#1: worker process 28 exited with code 0
2022/12/14 08:42:45 [notice] 1#1: worker process 29 exited with code 0
2022/12/14 08:42:45 [notice] 1#1: signal 29 (SIGIO) received
2022/12/14 08:42:45 [notice] 1#1: signal 17 (SIGCHLD) received from 31
2022/12/14 08:42:45 [notice] 1#1: worker process 31 exited with code 0
2022/12/14 08:42:45 [notice] 1#1: signal 29 (SIGIO) received
2022/12/14 08:43:02 [notice] 1#1: using the "epoll" event method
2022/12/14 08:43:02 [notice] 1#1: nginx/1.23.3
2022/12/14 08:43:02 [notice] 1#1: built by gcc 10.2.1 20210110 (Debian 10.2.1-6) 
2022/12/14 08:43:02 [notice] 1#1: OS: Linux 5.10.104-linuxkit
2022/12/14 08:43:02 [notice] 1#1: getrlimit(RLIMIT_NOFILE): 1048576:1048576
2022/12/14 08:43:02 [notice] 1#1: start worker processes
2022/12/14 08:43:02 [notice] 1#1: start worker process 28
2022/12/14 08:43:02 [notice] 1#1: start worker process 29
2022/12/14 08:43:02 [notice] 1#1: start worker process 30
2022/12/14 08:43:02 [notice] 1#1: start worker process 31
2022/12/14 08:43:02 [notice] 1#1: start worker process 32
2022/12/14 08:43:49 [notice] 1#1: signal 3 (SIGQUIT) received, shutting down
2022/12/14 08:43:49 [notice] 28#28: gracefully shutting down
2022/12/14 08:43:49 [notice] 30#30: gracefully shutting down
2022/12/14 08:43:49 [notice] 32#32: gracefully shutting down
2022/12/14 08:43:49 [notice] 29#29: gracefully shutting down
2022/12/14 08:43:49 [notice] 31#31: gracefully shutting down
2022/12/14 08:43:49 [notice] 28#28: exiting
2022/12/14 08:43:49 [notice] 30#30: exiting
2022/12/14 08:43:49 [notice] 29#29: exiting
2022/12/14 08:43:49 [notice] 29#29: exit
2022/12/14 08:43:49 [notice] 31#31: exiting
2022/12/14 08:43:49 [notice] 28#28: exit
2022/12/14 08:43:49 [notice] 30#30: exit
2022/12/14 08:43:49 [notice] 31#31: exit
2022/12/14 08:43:49 [notice] 1#1: signal 17 (SIGCHLD) received from 29
2022/12/14 08:43:49 [notice] 1#1: worker process 29 exited with code 0
2022/12/14 08:43:49 [notice] 1#1: signal 29 (SIGIO) received
2022/12/14 08:43:49 [notice] 1#1: signal 17 (SIGCHLD) received from 28
2022/12/14 08:43:49 [notice] 1#1: worker process 28 exited with code 0
2022/12/14 08:43:49 [notice] 1#1: worker process 30 exited with code 0
2022/12/14 08:43:49 [notice] 1#1: worker process 31 exited with code 0
2022/12/14 08:43:50 [notice] 1#1: signal 29 (SIGIO) received
2022/12/14 08:43:50 [notice] 1#1: signal 17 (SIGCHLD) received from 30
2022/12/14 08:44:02 [notice] 1#1: using the "epoll" event method
2022/12/14 08:44:02 [notice] 1#1: nginx/1.23.3
2022/12/14 08:44:02 [notice] 1#1: built by gcc 10.2.1 20210110 (Debian 10.2.1-6) 
2022/12/14 08:44:02 [notice] 1#1: OS: Linux 5.10.104-linuxkit
2022/12/14 08:44:02 [notice] 1#1: getrlimit(RLIMIT_NOFILE): 1048576:1048576
2022/12/14 08:44:02 [notice] 1#1: start worker processes
2022/12/14 08:44:02 [notice] 1#1: start worker process 28
2022/12/14 08:44:02 [notice] 1#1: start worker process 29
2022/12/14 08:44:02 [notice] 1#1: start worker process 30
2022/12/14 08:44:02 [notice] 1#1: start worker process 31
2022/12/14 08:44:02 [notice] 1#1: start worker process 32
2022/12/14 09:04:08 [notice] 1#1: signal 3 (SIGQUIT) received, shutting down
2022/12/14 09:04:08 [notice] 28#28: gracefully shutting down
2022/12/14 09:04:08 [notice] 28#28: exiting
2022/12/14 09:04:08 [notice] 32#32: gracefully shutting down
2022/12/14 09:04:08 [notice] 31#31: gracefully shutting down
2022/12/14 09:04:08 [notice] 29#29: gracefully shutting down
2022/12/14 09:04:08 [notice] 29#29: exiting
2022/12/14 09:04:08 [notice] 30#30: gracefully shutting down
2022/12/14 09:04:08 [notice] 28#28: exit
2022/12/14 09:04:08 [notice] 32#32: exiting
2022/12/14 09:04:08 [notice] 31#31: exiting
2022/12/14 09:04:08 [notice] 29#29: exit
2022/12/14 09:04:08 [notice] 30#30: exiting
2022/12/14 09:04:08 [notice] 32#32: exit
2022/12/14 09:04:08 [notice] 31#31: exit
2022/12/14 09:04:08 [notice] 30#30: exit
2022/12/14 09:04:08 [notice] 1#1: signal 17 (SIGCHLD) received from 28
2022/12/14 09:04:08 [notice] 1#1: worker process 28 exited with code 0
2022/12/14 09:04:08 [notice] 1#1: signal 29 (SIGIO) received
2022/12/14 09:04:08 [notice] 1#1: signal 17 (SIGCHLD) received from 30
2022/12/14 09:04:08 [notice] 1#1: worker process 29 exited with code 0
2022/12/14 09:04:08 [notice] 1#1: worker process 30 exited with code 0
2022/12/14 09:04:08 [notice] 1#1: worker process 31 exited with code 0
2022/12/14 09:04:08 [notice] 1#1: worker process 32 exited with code 0
2022/12/14 09:04:08 [notice] 1#1: exit
2022/12/14 09:04:11 [notice] 1#1: using the "epoll" event method
2022/12/14 09:04:11 [notice] 1#1: nginx/1.23.3
2022/12/14 09:04:11 [notice] 1#1: built by gcc 10.2.1 20210110 (Debian 10.2.1-6) 
2022/12/14 09:04:11 [notice] 1#1: OS: Linux 5.10.104-linuxkit
2022/12/14 09:04:11 [notice] 1#1: getrlimit(RLIMIT_NOFILE): 1048576:1048576
2022/12/14 09:04:11 [notice] 1#1: start worker processes
2022/12/14 09:04:11 [notice] 1#1: start worker process 28
2022/12/14 09:04:11 [notice] 1#1: start worker process 29
2022/12/14 09:04:11 [notice] 1#1: start worker process 30
2022/12/14 09:04:11 [notice] 1#1: start worker process 31
2022/12/14 09:04:11 [notice] 1#1: start worker process 32
2022/12/14 09:04:13 [notice] 1#1: signal 3 (SIGQUIT) received, shutting down
2022/12/14 09:04:13 [notice] 28#28: gracefully shutting down
2022/12/14 09:04:13 [notice] 28#28: exiting
2022/12/14 09:04:13 [notice] 30#30: gracefully shutting down
2022/12/14 09:04:13 [notice] 29#29: gracefully shutting down
2022/12/14 09:04:13 [notice] 29#29: exiting
2022/12/14 09:04:13 [notice] 31#31: gracefully shutting down
2022/12/14 09:04:13 [notice] 32#32: gracefully shutting down
2022/12/14 09:04:13 [notice] 32#32: exiting
2022/12/14 09:04:13 [notice] 28#28: exit
2022/12/14 09:04:13 [notice] 30#30: exiting
2022/12/14 09:04:13 [notice] 30#30: exit
2022/12/14 09:04:13 [notice] 29#29: exit
2022/12/14 09:04:13 [notice] 31#31: exiting
2022/12/14 09:04:13 [notice] 31#31: exit
2022/12/14 09:04:13 [notice] 32#32: exit
2022/12/14 09:04:13 [notice] 1#1: signal 17 (SIGCHLD) received from 29
2022/12/14 09:04:13 [notice] 1#1: worker process 29 exited with code 0
2022/12/14 09:04:13 [notice] 1#1: signal 29 (SIGIO) received
2022/12/14 09:04:13 [notice] 1#1: signal 17 (SIGCHLD) received from 30
2022/12/14 09:04:13 [notice] 1#1: worker process 30 exited with code 0
2022/12/14 09:04:13 [notice] 1#1: signal 29 (SIGIO) received
2022/12/14 09:04:13 [notice] 1#1: signal 17 (SIGCHLD) received from 31
2022/12/14 09:04:13 [notice] 1#1: worker process 28 exited with code 0
2022/12/14 09:04:13 [notice] 1#1: worker process 31 exited with code 0
2022/12/14 09:04:13 [notice] 1#1: worker process 32 exited with code 0
2022/12/14 09:04:13 [notice] 1#1: exit
2022/12/14 09:04:16 [notice] 1#1: using the "epoll" event method
2022/12/14 09:04:16 [notice] 1#1: nginx/1.23.3
2022/12/14 09:04:16 [notice] 1#1: built by gcc 10.2.1 20210110 (Debian 10.2.1-6) 
2022/12/14 09:04:16 [notice] 1#1: OS: Linux 5.10.104-linuxkit
2022/12/14 09:04:16 [notice] 1#1: getrlimit(RLIMIT_NOFILE): 1048576:1048576
2022/12/14 09:04:16 [notice] 1#1: start worker processes
2022/12/14 09:04:16 [notice] 1#1: start worker process 28
2022/12/14 09:04:16 [notice] 1#1: start worker process 29
2022/12/14 09:04:16 [notice] 1#1: start worker process 30
2022/12/14 09:04:16 [notice] 1#1: start worker process 31
2022/12/14 09:04:16 [notice] 1#1: start worker process 32
2022/12/14 09:04:35 [notice] 1#1: using the "epoll" event method
2022/12/14 09:04:35 [notice] 1#1: nginx/1.23.3
2022/12/14 09:04:35 [notice] 1#1: built by gcc 10.2.1 20210110 (Debian 10.2.1-6) 
2022/12/14 09:04:35 [notice] 1#1: OS: Linux 5.10.104-linuxkit
2022/12/14 09:04:35 [notice] 1#1: getrlimit(RLIMIT_NOFILE): 1048576:1048576
2022/12/14 09:04:35 [notice] 1#1: start worker processes
2022/12/14 09:04:35 [notice] 1#1: start worker process 28
2022/12/14 09:04:35 [notice] 1#1: start worker process 29
2022/12/14 09:04:35 [notice] 1#1: start worker process 30
2022/12/14 09:04:35 [notice] 1#1: start worker process 31
2022/12/14 09:04:35 [notice] 1#1: start worker process 32
2022/12/14 09:04:46 [notice] 1#1: signal 3 (SIGQUIT) received, shutting down
2022/12/14 09:04:46 [notice] 28#28: gracefully shutting down
2022/12/14 09:04:46 [notice] 28#28: exiting
2022/12/14 09:04:46 [notice] 29#29: gracefully shutting down
2022/12/14 09:04:46 [notice] 29#29: exiting
2022/12/14 09:04:46 [notice] 30#30: gracefully shutting down
2022/12/14 09:04:46 [notice] 31#31: gracefully shutting down
2022/12/14 09:04:46 [notice] 32#32: gracefully shutting down
2022/12/14 09:04:46 [notice] 28#28: exit
2022/12/14 09:04:46 [notice] 29#29: exit
2022/12/14 09:04:46 [notice] 31#31: exiting
2022/12/14 09:04:46 [notice] 32#32: exiting
2022/12/14 09:04:46 [notice] 31#31: exit
2022/12/14 09:04:46 [notice] 32#32: exit
2022/12/14 09:04:47 [notice] 1#1: signal 17 (SIGCHLD) received from 28
2022/12/14 09:04:47 [notice] 1#1: worker process 28 exited with code 0
2022/12/14 09:04:47 [notice] 1#1: signal 29 (SIGIO) received
2022/12/14 09:04:47 [notice] 1#1: signal 17 (SIGCHLD) received from 29
2022/12/14 09:04:47 [notice] 1#1: worker process 29 exited with code 0
2022/12/14 09:04:47 [notice] 1#1: worker process 31 exited with code 0
2022/12/14 09:04:47 [notice] 1#1: worker process 32 exited with code 0
2022/12/14 09:04:47 [notice] 1#1: signal 17 (SIGCHLD) received from 32
2022/12/14 09:04:47 [notice] 1#1: signal 29 (SIGIO) received
2022/12/14 09:05:03 [notice] 1#1: using the "epoll" event method
2022/12/14 09:05:03 [notice] 1#1: nginx/1.23.3
2022/12/14 09:05:03 [notice] 1#1: built by gcc 10.2.1 20210110 (Debian 10.2.1-6) 
2022/12/14 09:05:03 [notice] 1#1: OS: Linux 5.10.104-linuxkit
2022/12/14 09:05:03 [notice] 1#1: getrlimit(RLIMIT_NOFILE): 1048576:1048576
2022/12/14 09:05:03 [notice] 1#1: start worker processes
2022/12/14 09:05:03 [notice] 1#1: start worker process 28
2022/12/14 09:05:03 [notice] 1#1: start worker process 29
2022/12/14 09:05:03 [notice] 1#1: start worker process 30
2022/12/14 09:05:03 [notice] 1#1: start worker process 31
2022/12/14 09:05:03 [notice] 1#1: start worker process 32
2022/12/14 09:06:46 [notice] 1#1: signal 3 (SIGQUIT) received, shutting down
2022/12/14 09:06:46 [notice] 28#28: gracefully shutting down
2022/12/14 09:06:46 [notice] 31#31: gracefully shutting down
2022/12/14 09:06:46 [notice] 32#32: gracefully shutting down
2022/12/14 09:06:46 [notice] 30#30: gracefully shutting down
2022/12/14 09:06:46 [notice] 29#29: gracefully shutting down
2022/12/14 09:06:46 [notice] 28#28: exiting
2022/12/14 09:06:46 [notice] 31#31: exiting
2022/12/14 09:06:46 [notice] 31#31: exit
2022/12/14 09:06:46 [notice] 30#30: exiting
2022/12/14 09:06:46 [notice] 29#29: exiting
2022/12/14 09:06:46 [notice] 28#28: exit
2022/12/14 09:06:46 [notice] 30#30: exit
2022/12/14 09:06:46 [notice] 29#29: exit
2022/12/14 09:06:46 [notice] 1#1: signal 17 (SIGCHLD) received from 31
2022/12/14 09:06:46 [notice] 1#1: worker process 31 exited with code 0
2022/12/14 09:06:46 [notice] 1#1: signal 29 (SIGIO) received
2022/12/14 09:06:46 [notice] 1#1: signal 17 (SIGCHLD) received from 30
2022/12/14 09:06:46 [notice] 1#1: worker process 28 exited with code 0
2022/12/14 09:06:46 [notice] 1#1: worker process 30 exited with code 0
2022/12/14 09:06:46 [notice] 1#1: signal 29 (SIGIO) received
2022/12/14 09:06:46 [notice] 1#1: signal 17 (SIGCHLD) received from 28
2022/12/14 09:06:46 [notice] 1#1: worker process 29 exited with code 0
2022/12/14 09:06:46 [notice] 1#1: signal 29 (SIGIO) received
2022/12/14 09:06:59 [emerg] 1#1: host not found in upstream "svcap23-container" in /etc/nginx/conf.d/frontend.conf:27
2022/12/14 09:07:00 [emerg] 1#1: host not found in upstream "svcap23-container" in /etc/nginx/conf.d/frontend.conf:27
2022/12/14 09:07:01 [emerg] 1#1: host not found in upstream "svcap23-container" in /etc/nginx/conf.d/frontend.conf:27
2022/12/14 09:07:02 [emerg] 1#1: host not found in upstream "svcap23-container" in /etc/nginx/conf.d/frontend.conf:27
2022/12/14 09:07:03 [emerg] 1#1: host not found in upstream "svcap23-container" in /etc/nginx/conf.d/frontend.conf:27
2022/12/14 09:07:05 [emerg] 1#1: host not found in upstream "svcap23-container" in /etc/nginx/conf.d/frontend.conf:27
2022/12/14 09:07:09 [emerg] 1#1: host not found in upstream "svcap23-container" in /etc/nginx/conf.d/frontend.conf:27
2022/12/14 09:07:16 [emerg] 1#1: host not found in upstream "svcap23-container" in /etc/nginx/conf.d/frontend.conf:27
2022/12/14 09:07:29 [emerg] 1#1: host not found in upstream "svcap23-container" in /etc/nginx/conf.d/frontend.conf:27
2022/12/14 09:07:42 [notice] 1#1: using the "epoll" event method
2022/12/14 09:07:42 [notice] 1#1: nginx/1.23.3
2022/12/14 09:07:42 [notice] 1#1: built by gcc 10.2.1 20210110 (Debian 10.2.1-6) 
2022/12/14 09:07:42 [notice] 1#1: OS: Linux 5.10.104-linuxkit
2022/12/14 09:07:42 [notice] 1#1: getrlimit(RLIMIT_NOFILE): 1048576:1048576
2022/12/14 09:07:42 [notice] 1#1: start worker processes
2022/12/14 09:07:42 [notice] 1#1: start worker process 28
2022/12/14 09:07:42 [notice] 1#1: start worker process 29
2022/12/14 09:07:42 [notice] 1#1: start worker process 30
2022/12/14 09:07:42 [notice] 1#1: start worker process 31
2022/12/14 09:07:42 [notice] 1#1: start worker process 32
2022/12/14 13:55:37 [notice] 1#1: signal 3 (SIGQUIT) received, shutting down
2022/12/14 13:55:37 [notice] 30#30: gracefully shutting down
2022/12/14 13:55:37 [notice] 28#28: gracefully shutting down
2022/12/14 13:55:37 [notice] 31#31: gracefully shutting down
2022/12/14 13:55:37 [notice] 29#29: gracefully shutting down
2022/12/14 13:55:37 [notice] 32#32: gracefully shutting down
2022/12/14 13:55:37 [notice] 30#30: exiting
2022/12/14 13:55:37 [notice] 28#28: exiting
2022/12/14 13:55:37 [notice] 31#31: exiting
2022/12/14 13:55:37 [notice] 30#30: exit
2022/12/14 13:55:37 [notice] 32#32: exiting
2022/12/14 13:55:37 [notice] 29#29: exiting
2022/12/14 13:55:37 [notice] 28#28: exit
2022/12/14 13:55:37 [notice] 31#31: exit
2022/12/14 13:55:37 [notice] 32#32: exit
2022/12/14 13:55:37 [notice] 29#29: exit
2022/12/14 13:55:37 [notice] 1#1: signal 17 (SIGCHLD) received from 30
2022/12/14 13:55:37 [notice] 1#1: worker process 30 exited with code 0
2022/12/14 13:55:37 [notice] 1#1: signal 29 (SIGIO) received
2022/12/14 13:55:37 [notice] 1#1: signal 17 (SIGCHLD) received from 31
2022/12/14 13:55:37 [notice] 1#1: worker process 31 exited with code 0
2022/12/14 13:55:37 [notice] 1#1: signal 29 (SIGIO) received
2022/12/14 13:55:37 [notice] 1#1: signal 17 (SIGCHLD) received from 28
2022/12/14 13:55:37 [notice] 1#1: worker process 28 exited with code 0
2022/12/14 13:55:37 [notice] 1#1: worker process 29 exited with code 0
2022/12/14 13:55:37 [notice] 1#1: worker process 32 exited with code 0
2022/12/14 13:55:37 [notice] 1#1: exit
2022/12/14 14:30:31 [warn] 1#1: server name "/var/log/nginx/front-error.log" has suspicious symbols in /etc/nginx/conf.d/frontend.conf:27
2022/12/14 14:30:31 [notice] 1#1: using the "epoll" event method
2022/12/14 14:30:31 [notice] 1#1: nginx/1.23.3
2022/12/14 14:30:31 [notice] 1#1: built by gcc 10.2.1 20210110 (Debian 10.2.1-6) 
2022/12/14 14:30:31 [notice] 1#1: OS: Linux 5.10.104-linuxkit
2022/12/14 14:30:31 [notice] 1#1: getrlimit(RLIMIT_NOFILE): 1048576:1048576
2022/12/14 14:30:31 [notice] 1#1: start worker processes
2022/12/14 14:30:31 [notice] 1#1: start worker process 27
2022/12/14 14:30:31 [notice] 1#1: start worker process 28
2022/12/14 14:30:31 [notice] 1#1: start worker process 29
2022/12/14 14:30:31 [notice] 1#1: start worker process 30
2022/12/14 14:30:31 [notice] 1#1: start worker process 31
2022/12/14 14:31:28 [notice] 1#1: using the "epoll" event method
2022/12/14 14:31:28 [notice] 1#1: nginx/1.23.3
2022/12/14 14:31:28 [notice] 1#1: built by gcc 10.2.1 20210110 (Debian 10.2.1-6) 
2022/12/14 14:31:28 [notice] 1#1: OS: Linux 5.10.104-linuxkit
2022/12/14 14:31:28 [notice] 1#1: getrlimit(RLIMIT_NOFILE): 1048576:1048576
2022/12/14 14:31:28 [notice] 1#1: start worker processes
2022/12/14 14:31:28 [notice] 1#1: start worker process 27
2022/12/14 14:31:28 [notice] 1#1: start worker process 28
2022/12/14 14:31:28 [notice] 1#1: start worker process 29
2022/12/14 14:31:28 [notice] 1#1: start worker process 30
2022/12/14 14:31:28 [notice] 1#1: start worker process 31
2022/12/14 14:31:39 [notice] 1#1: signal 3 (SIGQUIT) received, shutting down
2022/12/14 14:31:39 [notice] 28#28: gracefully shutting down
2022/12/14 14:31:39 [notice] 30#30: gracefully shutting down
2022/12/14 14:31:39 [notice] 30#30: exiting
2022/12/14 14:31:39 [notice] 27#27: gracefully shutting down
2022/12/14 14:31:39 [notice] 29#29: gracefully shutting down
2022/12/14 14:31:39 [notice] 31#31: gracefully shutting down
2022/12/14 14:31:39 [notice] 31#31: exiting
2022/12/14 14:31:39 [notice] 28#28: exiting
2022/12/14 14:31:39 [notice] 28#28: exit
2022/12/14 14:31:39 [notice] 30#30: exit
2022/12/14 14:31:39 [notice] 27#27: exiting
2022/12/14 14:31:39 [notice] 27#27: exit
2022/12/14 14:31:39 [notice] 29#29: exiting
2022/12/14 14:31:39 [notice] 29#29: exit
2022/12/14 14:31:39 [notice] 31#31: exit
2022/12/14 14:31:39 [notice] 1#1: signal 17 (SIGCHLD) received from 28
2022/12/14 14:31:39 [notice] 1#1: worker process 28 exited with code 0
2022/12/14 14:31:39 [notice] 1#1: signal 29 (SIGIO) received
2022/12/14 14:31:39 [notice] 1#1: signal 17 (SIGCHLD) received from 30
2022/12/14 14:31:39 [notice] 1#1: worker process 30 exited with code 0
2022/12/14 14:31:39 [notice] 1#1: signal 29 (SIGIO) received
2022/12/14 14:31:39 [notice] 1#1: signal 17 (SIGCHLD) received from 27
2022/12/14 14:31:39 [notice] 1#1: worker process 27 exited with code 0
2022/12/14 14:31:39 [notice] 1#1: signal 29 (SIGIO) received
2022/12/14 14:31:39 [notice] 1#1: signal 17 (SIGCHLD) received from 29
2022/12/14 14:31:39 [notice] 1#1: worker process 29 exited with code 0
2022/12/14 14:31:39 [notice] 1#1: worker process 31 exited with code 0
2022/12/14 14:31:39 [notice] 1#1: exit
2022/12/14 14:31:42 [notice] 1#1: using the "epoll" event method
2022/12/14 14:31:42 [notice] 1#1: nginx/1.23.3
2022/12/14 14:31:42 [notice] 1#1: built by gcc 10.2.1 20210110 (Debian 10.2.1-6) 
2022/12/14 14:31:42 [notice] 1#1: OS: Linux 5.10.104-linuxkit
2022/12/14 14:31:42 [notice] 1#1: getrlimit(RLIMIT_NOFILE): 1048576:1048576
2022/12/14 14:31:42 [notice] 1#1: start worker processes
2022/12/14 14:31:42 [notice] 1#1: start worker process 28
2022/12/14 14:31:42 [notice] 1#1: start worker process 29
2022/12/14 14:31:42 [notice] 1#1: start worker process 30
2022/12/14 14:31:42 [notice] 1#1: start worker process 31
2022/12/14 14:31:42 [notice] 1#1: start worker process 32
2022/12/14 14:31:43 [notice] 1#1: signal 3 (SIGQUIT) received, shutting down
2022/12/14 14:31:43 [notice] 28#28: gracefully shutting down
2022/12/14 14:31:43 [notice] 28#28: exiting
2022/12/14 14:31:43 [notice] 30#30: gracefully shutting down
2022/12/14 14:31:43 [notice] 30#30: exiting
2022/12/14 14:31:43 [notice] 31#31: gracefully shutting down
2022/12/14 14:31:43 [notice] 31#31: exiting
2022/12/14 14:31:43 [notice] 29#29: gracefully shutting down
2022/12/14 14:31:43 [notice] 29#29: exiting
2022/12/14 14:31:43 [notice] 32#32: gracefully shutting down
2022/12/14 14:31:43 [notice] 32#32: exiting
2022/12/14 14:31:43 [notice] 28#28: exit
2022/12/14 14:31:43 [notice] 30#30: exit
2022/12/14 14:31:43 [notice] 31#31: exit
2022/12/14 14:31:43 [notice] 29#29: exit
2022/12/14 14:31:43 [notice] 32#32: exit
2022/12/14 14:31:43 [notice] 1#1: signal 17 (SIGCHLD) received from 28
2022/12/14 14:31:43 [notice] 1#1: worker process 28 exited with code 0
2022/12/14 14:31:43 [notice] 1#1: worker process 32 exited with code 0
2022/12/14 14:31:43 [notice] 1#1: signal 29 (SIGIO) received
2022/12/14 14:31:43 [notice] 1#1: signal 17 (SIGCHLD) received from 31
2022/12/14 14:31:43 [notice] 1#1: worker process 31 exited with code 0
2022/12/14 14:31:43 [notice] 1#1: signal 29 (SIGIO) received
2022/12/14 14:31:43 [notice] 1#1: signal 17 (SIGCHLD) received from 30
2022/12/14 14:31:43 [notice] 1#1: worker process 29 exited with code 0
2022/12/14 14:31:43 [notice] 1#1: worker process 30 exited with code 0
2022/12/14 14:31:43 [notice] 1#1: exit
